Order 46 created with payment method mvola and phone 0343500003
[Mvola] API URL: https://devapi.mvola.mg/mvola/mm/transactions/type/merchantpay/1.0.0
[Mvola] Using cached token
[Mvola] Initiating payment for order 46
[Mvola] Response status: 202
[Mvola] Payment initiated for order 46: status=pending
[Payment] Payment initiated for order 46
[Mvola] Using cached token
[Mvola] Checking status for order 46
[Mvola] Status response: 200
[Mvola] Order 46 mvola_status: pending
[Mvola] Using cached token
[Mvola] Checking status for order 46
[Mvola] Status response: 200
[Mvola] Order 46 mvola_status: pending
[Mvola] Using cached token
[Mvola] Checking status for order 46
[Mvola] Status response: 200
[Mvola] Order 46 mvola_status: pending
[Mvola] Using cached token
[Mvola] Checking status for order 46
[Mvola] Status response: 200
[Mvola] Order 46 mvola_status: pending
[Mvola] Using cached token
[Mvola] Checking status for order 46
[Mvola] Status response: 200
[Mvola] Order 46 mvola_status: pending
[Mvola] Using cached token
[Mvola] Checking status for order 46
[Mvola] Status response: 200
[Mvola] Order 46 mvola_status: pending
[Mvola] Using cached token
[Mvola] Checking status for order 46
[Mvola] Status response: 200
[Mvola] Order 46 mvola_status: pending
[Mvola] Using cached token
[Mvola] Checking status for order 46
[Mvola] Status response: 200
[Mvola] Order 46 mvola_status: pending
[Mvola] Using cached token
[Mvola] Checking status for order 46
[Mvola] Status response: 200
[Mvola] Order 46 mvola_status: pending
[Mvola] Using cached token
[Mvola] Checking status for order 46
[Mvola] Status response: 200
[Mvola] Order 46 mvola_status: pending
[Mvola] Using cached token
[Mvola] Checking status for order 46
[Mvola] Status response: 200
[Mvola] Order 46 mvola_status: pending
[Mvola] Using cached token
[Mvola] Checking status for order 46
[Mvola] Status response: 200
[Mvola] Order 46 mvola_status: pending
[Mvola] Using cached token
[Mvola] Checking status for order 46
[Mvola] Status response: 200
[Mvola] Order 46 mvola_status: failed
[Mvola] Order 46 marked as failed
